<?xml version="1.0" encoding="UTF-8"?>
<!-- Generated by org.testng.reporters.JUnitXMLReporter -->
<testsuite hostname="syd-d-pc0fxy2a" ignored="0" name="Surefire test" tests="4" failures="0" timestamp="10 May 2018 06:40:15 GMT" time="3.082" errors="0">
  <testcase name="getAPITest" time="2.011" classname="gmaps.tests.json.GetTest"/>
  <testcase name="postTweet" time="0.456" classname="twitter.tests.PostAndUpdateTweetsTest"/>
  <testcase name="tweetDelete" time="0.3" classname="twitter.tests.PostAndUpdateTweetsTest"/>
  <testcase name="postAPITest" time="0.315" classname="gmaps.tests.json.PostTest"/>
</testsuite> <!-- Surefire test -->
