<?xml version="1.0" encoding="UTF-8"?>
<!-- Generated by org.testng.reporters.JUnitXMLReporter -->
<testsuite hostname="syd-d-pc0fxy2a" ignored="0" name="GetTest" tests="3" failures="0" timestamp="10 May 2018 06:59:01 GMT" time="3.251" errors="0">
  <testcase name="addAndDeletePlace" time="2.079" classname="gmaps.tests.json.AddAndDeletePlace"/>
  <testcase name="getAPITest" time="0.816" classname="gmaps.tests.json.GetTest"/>
  <testcase name="postAPITest" time="0.341" classname="gmaps.tests.json.PostTest"/>
</testsuite> <!-- GetTest -->
