<?xml version="1.0" encoding="UTF-8"?>
<!-- Generated by org.testng.reporters.JUnitXMLReporter -->
<testsuite hostname="syd-d-pc0fxy2a" ignored="0" name="Google maps tests" tests="3" failures="0" timestamp="10 May 2018 07:01:21 GMT" time="3.001" errors="0">
  <testcase name="addAndDeletePlace" time="1.969" classname="gmaps.tests.json.AddAndDeletePlace"/>
  <testcase name="getAPITest" time="0.653" classname="gmaps.tests.json.GetTest"/>
  <testcase name="postAPITest" time="0.363" classname="gmaps.tests.json.PostTest"/>
</testsuite> <!-- Google maps tests -->
