<?xml version="1.0" encoding="UTF-8"?>
<!-- Generated by org.testng.reporters.JUnitXMLReporter -->
<testsuite hostname="syd-d-pc0fxy2a" ignored="0" name="PostAndUpdateTweetsTest" tests="2" failures="0" timestamp="10 May 2018 07:00:34 GMT" time="2.007" errors="0">
  <testcase name="postTweet" time="1.706" classname="twitter.tests.PostAndUpdateTweetsTest"/>
  <testcase name="tweetDelete" time="0.279" classname="twitter.tests.PostAndUpdateTweetsTest"/>
</testsuite> <!-- PostAndUpdateTweetsTest -->
