<?xml version="1.0" encoding="UTF-8"?>
<testng-results skipped="0" failed="0" ignored="0" total="5" passed="5">
  <reporter-output>
  </reporter-output>
  <suite name="Ultimate API" duration-ms="3713" started-at="2018-05-10T07:01:18Z" finished-at="2018-05-10T07:01:22Z">
    <groups>
    </groups>
    <test name="Google maps tests" duration-ms="3001" started-at="2018-05-10T07:01:18Z" finished-at="2018-05-10T07:01:21Z">
      <class name="gmaps.tests.json.AddAndDeletePlace">
        <test-method status="PASS" signature="addAndDeletePlace()[pri:0, instance:gmaps.tests.json.AddAndDeletePlace@2acf57e3]" name="addAndDeletePlace" duration-ms="1969" started-at="2018-05-10T17:01:18Z" finished-at="2018-05-10T17:01:20Z">
          <reporter-output>
          </reporter-output>
        </test-method> <!-- addAndDeletePlace -->
      </class> <!-- gmaps.tests.json.AddAndDeletePlace -->
      <class name="gmaps.tests.json.PostTest">
        <test-method status="PASS" signature="postAPITest()[pri:0, instance:gmaps.tests.json.PostTest@67b64c45]" name="postAPITest" duration-ms="363" started-at="2018-05-10T17:01:21Z" finished-at="2018-05-10T17:01:21Z">
          <reporter-output>
          </reporter-output>
        </test-method> <!-- postAPITest -->
      </class> <!-- gmaps.tests.json.PostTest -->
      <class name="gmaps.tests.json.GetTest">
        <test-method status="PASS" signature="getAPITest()[pri:0, instance:gmaps.tests.json.GetTest@3796751b]" name="getAPITest" duration-ms="653" started-at="2018-05-10T17:01:20Z" finished-at="2018-05-10T17:01:21Z">
          <reporter-output>
          </reporter-output>
        </test-method> <!-- getAPITest -->
      </class> <!-- gmaps.tests.json.GetTest -->
    </test> <!-- Google maps tests -->
    <test name="Twitter API Testing" duration-ms="691" started-at="2018-05-10T07:01:21Z" finished-at="2018-05-10T07:01:22Z">
      <class name="twitter.tests.PostAndUpdateTweetsTest">
        <test-method status="PASS" signature="postTweet()[pri:0, instance:twitter.tests.PostAndUpdateTweetsTest@64616ca2]" name="postTweet" duration-ms="415" started-at="2018-05-10T17:01:21Z" finished-at="2018-05-10T17:01:22Z">
          <reporter-output>
          </reporter-output>
        </test-method> <!-- postTweet -->
        <test-method status="PASS" signature="tweetDelete()[pri:0, instance:twitter.tests.PostAndUpdateTweetsTest@64616ca2]" name="tweetDelete" duration-ms="275" started-at="2018-05-10T17:01:22Z" finished-at="2018-05-10T17:01:22Z">
          <reporter-output>
          </reporter-output>
        </test-method> <!-- tweetDelete -->
      </class> <!-- twitter.tests.PostAndUpdateTweetsTest -->
    </test> <!-- Twitter API Testing -->
  </suite> <!-- Ultimate API -->
</testng-results>
