<?xml version="1.0" encoding="UTF-8"?>
<testsuite xmlns:xsi="http://www.w3.org/2001/XMLSchema-instance" xsi:noNamespaceSchemaLocation="https://maven.apache.org/surefire/maven-surefire-plugin/xsd/surefire-test-report.xsd" name="TestSuite" time="2.387" tests="2" errors="0" skipped="0" failures="0">
  <properties>
[...]
</properties>
  <testcase name="getAPITest" classname="gmaps.tests.json.GetTest" time="1.764"/>
  <testcase name="postAPITest" classname="gmaps.tests.json.PostTest" time="0.348"/>
</testsuite>