<?xml version="1.0" encoding="UTF-8"?>
<testng-results skipped="0" failed="0" ignored="0" total="2" passed="2">
  <reporter-output>
  </reporter-output>
  <suite name="Surefire suite" duration-ms="2130" started-at="2018-05-08T02:08:26Z" finished-at="2018-05-08T02:08:29Z">
    <groups>
    </groups>
    <test name="Surefire test" duration-ms="2130" started-at="2018-05-08T02:08:26Z" finished-at="2018-05-08T02:08:29Z">
      <class name="gmaps.tests.json.PostTest">
        <test-method status="PASS" signature="postAPITest()[pri:0, instance:gmaps.tests.json.PostTest@59a6e353]" name="postAPITest" duration-ms="348" started-at="2018-05-08T12:08:28Z" finished-at="2018-05-08T12:08:29Z">
          <reporter-output>
          </reporter-output>
        </test-method> <!-- postAPITest -->
      </class> <!-- gmaps.tests.json.PostTest -->
      <class name="gmaps.tests.json.GetTest">
        <test-method status="PASS" signature="getAPITest()[pri:0, instance:gmaps.tests.json.GetTest@17c68925]" name="getAPITest" duration-ms="1780" started-at="2018-05-08T12:08:26Z" finished-at="2018-05-08T12:08:28Z">
          <reporter-output>
          </reporter-output>
        </test-method> <!-- getAPITest -->
      </class> <!-- gmaps.tests.json.GetTest -->
    </test> <!-- Surefire test -->
  </suite> <!-- Surefire suite -->
</testng-results>
